<?xml version="1.0" encoding="UTF-8" standalone="no"?>
<Metadata>
<Build>
<JOB_NAME>test-job</JOB_NAME>
<BUILD_NUMBER>1</BUILD_NUMBER>
<BUILD_DISPLAY_NAME>test-job-1</BUILD_DISPLAY_NAME>
<BUILD_TAG>test-job-tag</BUILD_TAG>
<BUILD_DURATION>12ms</BUILD_DURATION>
<BUILD_DATE>21/7/18</BUILD_DATE>
<isPipeline>true</isPipeline>
</Build>
<Build_Details>
<Stage name="Init/Trigger">
<log>Started by user Adil Rahman
Running in Durability level: MAX_SURVIVABILITY
Running on Jenkins in /home/adildsw/jenkins-plugins/demoplugin/work/jobs/pipeline-test/workspace
</log>
</Stage>
<Stage name="Build">
<workspace dir="workspace">[workspace] Running shell script<command>+ echo Build Process Started<log>Build Process Started
</log>
</command>
</workspace>
<workspace dir="workspace">[workspace] Running shell script<command>+ date<log>Mon Jul 23 09:08:32 EDT 2018
</log>
</command>
</workspace>
</Stage>
<Stage name="Test">
<workspace dir="workspace">[workspace] Running shell script<command>+ echo Deployed<log>Deployed
</log>
</command>
</workspace>
</Stage>
<Stage name="Finalize">
<workspace dir="workspace">[workspace] Running shell script<command>+ echo Finalized!<log>Finalized!
</log>
</command>
</workspace>
<workspace dir="workspace">[workspace] Running shell script<command>+ echo success<log>success
</log>
</command>
</workspace>
</Stage>
<Stage name="Declarative: Post Actions"/>
</Build_Details>
</Metadata>
